2024-03-15 12:19:14.364 [error] [uncaught exception in sharedProcess]: Event not found: onDidChange: CodeExpectedError: Event not found: onDidChange
    at Object.listen (/home/amro/Downloads/VSCode-linux-x64/resources/app/out/vs/code/node/sharedProcess/sharedProcessMain.js:45:4960)
    at E.t (/home/amro/Downloads/VSCode-linux-x64/resources/app/out/vs/code/node/sharedProcess/sharedProcessMain.js:44:251)
    at E.q (/home/amro/Downloads/VSCode-linux-x64/resources/app/out/vs/code/node/sharedProcess/sharedProcessMain.js:43:4371)
    at y.value (/home/amro/Downloads/VSCode-linux-x64/resources/app/out/vs/code/node/sharedProcess/sharedProcessMain.js:43:3602)
    at d.y (/home/amro/Downloads/VSCode-linux-x64/resources/app/out/vs/code/node/sharedProcess/sharedProcessMain.js:38:1902)
    at d.z (/home/amro/Downloads/VSCode-linux-x64/resources/app/out/vs/code/node/sharedProcess/sharedProcessMain.js:38:1972)
    at d.fire (/home/amro/Downloads/VSCode-linux-x64/resources/app/out/vs/code/node/sharedProcess/sharedProcessMain.js:38:2188)
    at MessagePortMain.fe (/home/amro/Downloads/VSCode-linux-x64/resources/app/out/vs/code/node/sharedProcess/sharedProcessMain.js:36:30382)
    at MessagePortMain.emit (node:events:514:28)
    at Object.emit (node:electron/js2c/utility_init:2:2285)
2024-03-15 12:21:49.175 [info] Getting Manifest... drewxs.tokyo-night-dark
2024-03-15 12:21:49.185 [info] Installing extension: drewxs.tokyo-night-dark
2024-03-15 12:21:51.397 [info] Extension signature is verified: drewxs.tokyo-night-dark
2024-03-15 12:21:51.422 [info] Extracted extension to file:///home/amro/.vscode/extensions/drewxs.tokyo-night-dark-0.3.3: drewxs.tokyo-night-dark
2024-03-15 12:21:51.425 [info] Renamed to /home/amro/.vscode/extensions/drewxs.tokyo-night-dark-0.3.3
2024-03-15 12:21:51.427 [info] Extracting extension completed. drewxs.tokyo-night-dark
2024-03-15 12:21:51.436 [info] Extension installed successfully: drewxs.tokyo-night-dark
2024-03-15 12:21:51.511 [error] [uncaught exception in sharedProcess]: Error: ENOENT: no such file or directory, stat '/home/amro/.vscode/extensions/extensions.json.vsctmp': EntryNotFound (FileSystemError): Error: ENOENT: no such file or directory, stat '/home/amro/.vscode/extensions/extensions.json.vsctmp'
    at r.create (/home/amro/Downloads/VSCode-linux-x64/resources/app/out/vs/code/node/sharedProcess/sharedProcessMain.js:51:30083)
    at a (/home/amro/Downloads/VSCode-linux-x64/resources/app/out/vs/code/node/sharedProcess/sharedProcessMain.js:51:30198)
    at i.fb (/home/amro/Downloads/VSCode-linux-x64/resources/app/out/vs/code/node/sharedProcess/sharedProcessMain.js:56:36634)
    at i.stat (/home/amro/Downloads/VSCode-linux-x64/resources/app/out/vs/code/node/sharedProcess/sharedProcessMain.js:56:29080)
    at async v.stat (/home/amro/Downloads/VSCode-linux-x64/resources/app/out/vs/code/node/sharedProcess/sharedProcessMain.js:56:16226)
    at async X.sb (/home/amro/Downloads/VSCode-linux-x64/resources/app/out/vs/code/node/sharedProcess/sharedProcessMain.js:102:107729)
2024-03-15 12:21:57.706 [info] Getting Manifest... enkia.tokyo-night
2024-03-15 12:21:57.718 [info] Installing extension: enkia.tokyo-night
2024-03-15 12:21:59.356 [info] Extension signature is verified: enkia.tokyo-night
2024-03-15 12:21:59.376 [info] Extracted extension to file:///home/amro/.vscode/extensions/enkia.tokyo-night-1.0.6: enkia.tokyo-night
2024-03-15 12:21:59.380 [info] Renamed to /home/amro/.vscode/extensions/enkia.tokyo-night-1.0.6
2024-03-15 12:21:59.382 [info] Extracting extension completed. enkia.tokyo-night
2024-03-15 12:21:59.393 [info] Extension installed successfully: enkia.tokyo-night
2024-03-15 12:21:59.465 [error] [uncaught exception in sharedProcess]: Error: ENOENT: no such file or directory, stat '/home/amro/.vscode/extensions/extensions.json.vsctmp': EntryNotFound (FileSystemError): Error: ENOENT: no such file or directory, stat '/home/amro/.vscode/extensions/extensions.json.vsctmp'
    at r.create (/home/amro/Downloads/VSCode-linux-x64/resources/app/out/vs/code/node/sharedProcess/sharedProcessMain.js:51:30083)
    at a (/home/amro/Downloads/VSCode-linux-x64/resources/app/out/vs/code/node/sharedProcess/sharedProcessMain.js:51:30198)
    at i.fb (/home/amro/Downloads/VSCode-linux-x64/resources/app/out/vs/code/node/sharedProcess/sharedProcessMain.js:56:36634)
    at i.stat (/home/amro/Downloads/VSCode-linux-x64/resources/app/out/vs/code/node/sharedProcess/sharedProcessMain.js:56:29080)
    at async v.stat (/home/amro/Downloads/VSCode-linux-x64/resources/app/out/vs/code/node/sharedProcess/sharedProcessMain.js:56:16226)
    at async X.sb (/home/amro/Downloads/VSCode-linux-x64/resources/app/out/vs/code/node/sharedProcess/sharedProcessMain.js:102:107729)
2024-03-15 12:25:05.281 [error] [uncaught exception in sharedProcess]: Event not found: onDidChange: CodeExpectedError: Event not found: onDidChange
    at Object.listen (/home/amro/Downloads/VSCode-linux-x64/resources/app/out/vs/code/node/sharedProcess/sharedProcessMain.js:45:4960)
    at E.t (/home/amro/Downloads/VSCode-linux-x64/resources/app/out/vs/code/node/sharedProcess/sharedProcessMain.js:44:251)
    at E.q (/home/amro/Downloads/VSCode-linux-x64/resources/app/out/vs/code/node/sharedProcess/sharedProcessMain.js:43:4371)
    at y.value (/home/amro/Downloads/VSCode-linux-x64/resources/app/out/vs/code/node/sharedProcess/sharedProcessMain.js:43:3602)
    at d.y (/home/amro/Downloads/VSCode-linux-x64/resources/app/out/vs/code/node/sharedProcess/sharedProcessMain.js:38:1902)
    at d.z (/home/amro/Downloads/VSCode-linux-x64/resources/app/out/vs/code/node/sharedProcess/sharedProcessMain.js:38:1972)
    at d.fire (/home/amro/Downloads/VSCode-linux-x64/resources/app/out/vs/code/node/sharedProcess/sharedProcessMain.js:38:2188)
    at MessagePortMain.fe (/home/amro/Downloads/VSCode-linux-x64/resources/app/out/vs/code/node/sharedProcess/sharedProcessMain.js:36:30382)
    at MessagePortMain.emit (node:events:514:28)
    at Object.emit (node:electron/js2c/utility_init:2:2285)
