2024-08-10 22:11:45.521 [info] Deleted uninstalled extension from disk enkia.tokyo-night /home/amro/.vscode/extensions/enkia.tokyo-night-1.0.6
2024-08-10 22:11:45.570 [error] [uncaught exception in sharedProcess]: Error: ENOENT: no such file or directory, stat '/home/amro/.vscode/extensions/enkia.tokyo-night-1.0.6.831b050.vsctmp': EntryNotFound (FileSystemError): Error: ENOENT: no such file or directory, stat '/home/amro/.vscode/extensions/enkia.tokyo-night-1.0.6.831b050.vsctmp'
    at r.create (/home/amro/Downloads/VSCode-linux-x64/resources/app/out/vs/code/node/sharedProcess/sharedProcessMain.js:51:30083)
    at a (/home/amro/Downloads/VSCode-linux-x64/resources/app/out/vs/code/node/sharedProcess/sharedProcessMain.js:51:30198)
    at i.fb (/home/amro/Downloads/VSCode-linux-x64/resources/app/out/vs/code/node/sharedProcess/sharedProcessMain.js:56:36634)
    at i.stat (/home/amro/Downloads/VSCode-linux-x64/resources/app/out/vs/code/node/sharedProcess/sharedProcessMain.js:56:29080)
    at async v.stat (/home/amro/Downloads/VSCode-linux-x64/resources/app/out/vs/code/node/sharedProcess/sharedProcessMain.js:56:16226)
    at async X.sb (/home/amro/Downloads/VSCode-linux-x64/resources/app/out/vs/code/node/sharedProcess/sharedProcessMain.js:102:107729)
2024-08-10 22:11:45.653 [info] Deleted uninstalled extension from disk codeium.codeium /home/amro/.vscode/extensions/codeium.codeium-1.8.28
2024-08-10 22:11:46.611 [error] [uncaught exception in sharedProcess]: Event not found: onDidChange: CodeExpectedError: Event not found: onDidChange
    at Object.listen (/home/amro/Downloads/VSCode-linux-x64/resources/app/out/vs/code/node/sharedProcess/sharedProcessMain.js:45:4960)
    at E.t (/home/amro/Downloads/VSCode-linux-x64/resources/app/out/vs/code/node/sharedProcess/sharedProcessMain.js:44:251)
    at E.q (/home/amro/Downloads/VSCode-linux-x64/resources/app/out/vs/code/node/sharedProcess/sharedProcessMain.js:43:4371)
    at y.value (/home/amro/Downloads/VSCode-linux-x64/resources/app/out/vs/code/node/sharedProcess/sharedProcessMain.js:43:3602)
    at d.y (/home/amro/Downloads/VSCode-linux-x64/resources/app/out/vs/code/node/sharedProcess/sharedProcessMain.js:38:1902)
    at d.z (/home/amro/Downloads/VSCode-linux-x64/resources/app/out/vs/code/node/sharedProcess/sharedProcessMain.js:38:1972)
    at d.fire (/home/amro/Downloads/VSCode-linux-x64/resources/app/out/vs/code/node/sharedProcess/sharedProcessMain.js:38:2188)
    at MessagePortMain.fe (/home/amro/Downloads/VSCode-linux-x64/resources/app/out/vs/code/node/sharedProcess/sharedProcessMain.js:36:30382)
    at MessagePortMain.emit (node:events:514:28)
    at Object.emit (node:electron/js2c/utility_init:2:2285)
2024-08-10 22:11:54.877 [error] [uncaught exception in sharedProcess]: Event not found: onDidChange: CodeExpectedError: Event not found: onDidChange
    at Object.listen (/home/amro/Downloads/VSCode-linux-x64/resources/app/out/vs/code/node/sharedProcess/sharedProcessMain.js:45:4960)
    at E.t (/home/amro/Downloads/VSCode-linux-x64/resources/app/out/vs/code/node/sharedProcess/sharedProcessMain.js:44:251)
    at E.q (/home/amro/Downloads/VSCode-linux-x64/resources/app/out/vs/code/node/sharedProcess/sharedProcessMain.js:43:4371)
    at y.value (/home/amro/Downloads/VSCode-linux-x64/resources/app/out/vs/code/node/sharedProcess/sharedProcessMain.js:43:3602)
    at d.y (/home/amro/Downloads/VSCode-linux-x64/resources/app/out/vs/code/node/sharedProcess/sharedProcessMain.js:38:1902)
    at d.z (/home/amro/Downloads/VSCode-linux-x64/resources/app/out/vs/code/node/sharedProcess/sharedProcessMain.js:38:1972)
    at d.fire (/home/amro/Downloads/VSCode-linux-x64/resources/app/out/vs/code/node/sharedProcess/sharedProcessMain.js:38:2188)
    at MessagePortMain.fe (/home/amro/Downloads/VSCode-linux-x64/resources/app/out/vs/code/node/sharedProcess/sharedProcessMain.js:36:30382)
    at MessagePortMain.emit (node:events:514:28)
    at Object.emit (node:electron/js2c/utility_init:2:2285)
2024-08-10 22:12:12.392 [error] [uncaught exception in sharedProcess]: Event not found: onDidChange: CodeExpectedError: Event not found: onDidChange
    at Object.listen (/home/amro/Downloads/VSCode-linux-x64/resources/app/out/vs/code/node/sharedProcess/sharedProcessMain.js:45:4960)
    at E.t (/home/amro/Downloads/VSCode-linux-x64/resources/app/out/vs/code/node/sharedProcess/sharedProcessMain.js:44:251)
    at E.q (/home/amro/Downloads/VSCode-linux-x64/resources/app/out/vs/code/node/sharedProcess/sharedProcessMain.js:43:4371)
    at y.value (/home/amro/Downloads/VSCode-linux-x64/resources/app/out/vs/code/node/sharedProcess/sharedProcessMain.js:43:3602)
    at d.y (/home/amro/Downloads/VSCode-linux-x64/resources/app/out/vs/code/node/sharedProcess/sharedProcessMain.js:38:1902)
    at d.z (/home/amro/Downloads/VSCode-linux-x64/resources/app/out/vs/code/node/sharedProcess/sharedProcessMain.js:38:1972)
    at d.fire (/home/amro/Downloads/VSCode-linux-x64/resources/app/out/vs/code/node/sharedProcess/sharedProcessMain.js:38:2188)
    at MessagePortMain.fe (/home/amro/Downloads/VSCode-linux-x64/resources/app/out/vs/code/node/sharedProcess/sharedProcessMain.js:36:30382)
    at MessagePortMain.emit (node:events:514:28)
    at Object.emit (node:electron/js2c/utility_init:2:2285)
