2024-04-17 18:06:38.279 [info] Extension host with pid 448956 started
2024-04-17 18:06:38.293 [info] ExtensionService#_doActivateExtension vscode.git-base, startup: true, activationEvent: '*', root cause: vscode.git
2024-04-17 18:06:38.298 [info] ExtensionService#_doActivateExtension vscode.git, startup: true, activationEvent: '*'
2024-04-17 18:06:38.323 [info] ExtensionService#_doActivateExtension vscode.github, startup: true, activationEvent: '*'
2024-04-17 18:06:38.514 [info] Eager extensions activated
2024-04-17 18:06:38.535 [info] ExtensionService#_doActivateExtension vscode.debug-auto-launch, startup: false, activationEvent: 'onStartupFinished'
2024-04-17 18:06:38.538 [info] ExtensionService#_doActivateExtension vscode.merge-conflict, startup: false, activationEvent: 'onStartupFinished'
2024-04-17 18:06:42.837 [info] ExtensionService#_doActivateExtension vscode.emmet, startup: false, activationEvent: 'onLanguage'
2024-04-17 18:06:52.081 [info] Extension host terminating: renderer closed the MessagePort
2024-04-17 18:06:52.089 [info] Extension host with pid 448956 exiting with code 0
2024-04-17 18:06:53.016 [info] Extension host with pid 449340 started
2024-04-17 18:06:53.017 [info] Skipping acquiring lock for /home/amro/.config/Code/User/workspaceStorage/88f2efa75021bc41819bd20742760bbc.
2024-04-17 18:06:53.137 [info] ExtensionService#_doActivateExtension vscode.microsoft-authentication, startup: false, activationEvent: 'onAuthenticationRequest:microsoft'
2024-04-17 18:06:53.207 [info] ExtensionService#_doActivateExtension vscode.git-base, startup: true, activationEvent: '*'
2024-04-17 18:06:53.209 [info] ExtensionService#_doActivateExtension vscode.github-authentication, startup: false, activationEvent: 'onAuthenticationRequest:github'
2024-04-17 18:06:53.231 [info] ExtensionService#_doActivateExtension vscode.github, startup: true, activationEvent: '*'
2024-04-17 18:06:53.245 [info] Eager extensions activated
2024-04-17 18:06:53.248 [info] ExtensionService#_doActivateExtension vscode.debug-auto-launch, startup: false, activationEvent: 'onStartupFinished'
2024-04-17 18:06:53.250 [info] ExtensionService#_doActivateExtension vscode.merge-conflict, startup: false, activationEvent: 'onStartupFinished'
2024-04-17 18:06:54.578 [info] ExtensionService#_doActivateExtension vscode.git, startup: false, activationEvent: 'api', root cause: vscode.github
2024-04-17 18:06:55.608 [info] ExtensionService#_doActivateExtension vscode.html-language-features, startup: false, activationEvent: 'onLanguage:html'
2024-04-17 18:06:55.661 [info] ExtensionService#_doActivateExtension vscode.emmet, startup: false, activationEvent: 'onLanguage'
2024-04-17 18:07:15.085 [info] ExtensionService#_doActivateExtension vscode.css-language-features, startup: false, activationEvent: 'onLanguage:css'
2024-04-17 18:25:22.680 [info] ExtensionService#_doActivateExtension formulahendry.auto-rename-tag, startup: false, activationEvent: '*'
