2024-02-07 17:56:12 Loading main app package /usr/lib/obsidian/obsidian.asar
2024-02-07 17:56:12 Checking for update using Github
2024-02-07 17:56:13 Success.
2024-02-07 17:56:13 Latest version is 1.5.3
2024-02-07 17:56:13 App is up to date.
2024-03-10 15:11:19 Loading main app package /usr/lib/obsidian/obsidian.asar
2024-03-10 15:11:19 Checking for update using Github
2024-03-10 15:11:20 Success.
2024-03-10 15:11:20 Latest version is 1.5.8
2024-03-10 15:11:20 App is up to date.
2024-03-10 16:11:19 Checking for update using Github
2024-03-10 16:11:19 Success.
2024-03-10 16:11:19 Latest version is 1.5.8
2024-03-10 16:11:19 App is up to date.
2024-03-11 09:14:07 Loading main app package /usr/lib/obsidian/obsidian.asar
2024-03-11 09:14:07 Checking for update using Github
2024-03-11 09:14:09 Success.
2024-03-11 09:14:09 Latest version is 1.5.8
2024-03-11 09:14:09 App is up to date.
2024-03-11 10:14:07 Checking for update using Github
2024-03-11 10:14:07 Success.
2024-03-11 10:14:07 Latest version is 1.5.8
2024-03-11 10:14:07 App is up to date.
2024-03-11 10:57:53 Loading main app package /usr/lib/obsidian/obsidian.asar
2024-03-11 10:57:53 Checking for update using Github
2024-03-11 11:14:07 Checking for update using Github
2024-03-11 11:14:07 Success.
2024-03-11 11:14:07 Latest version is 1.5.8
2024-03-11 11:14:07 App is up to date.
2024-03-11 11:20:04 Loading main app package /usr/lib/obsidian/obsidian.asar
2024-03-11 11:20:08 Checking for update using Github
2024-03-11 12:14:07 Checking for update using Github
2024-03-11 12:14:07 Success.
2024-03-11 12:14:07 Latest version is 1.5.8
2024-03-11 12:14:07 App is up to date.
2024-03-13 07:29:53 Loading main app package /usr/lib/obsidian/obsidian.asar
2024-03-13 07:29:53 Checking for update using Github
2024-03-13 07:29:54 Success.
2024-03-13 07:29:54 Latest version is 1.5.8
2024-03-13 07:29:54 App is up to date.
2024-03-13 09:04:45 Checking for update using Github
2024-03-13 09:04:45 Success.
2024-03-13 09:04:45 Latest version is 1.5.8
2024-03-13 09:04:45 App is up to date.
2024-03-13 10:08:42 Checking for update using Github
2024-03-13 10:08:42 Success.
2024-03-13 10:08:42 Latest version is 1.5.8
2024-03-13 10:08:42 App is up to date.
2024-03-13 11:08:42 Checking for update using Github
2024-03-13 11:08:42 Success.
2024-03-13 11:08:42 Latest version is 1.5.8
2024-03-13 11:08:42 App is up to date.
2024-03-13 12:08:42 Checking for update using Github
2024-03-13 12:08:42 Success.
2024-03-13 12:08:42 Latest version is 1.5.8
2024-03-13 12:08:42 App is up to date.
2024-03-15 11:02:37 Loading main app package /usr/lib/obsidian/obsidian.asar
2024-03-15 11:02:37 Checking for update using Github
2024-03-15 11:02:38 Success.
2024-03-15 11:02:38 Latest version is 1.5.8
2024-03-15 11:02:38 App is up to date.
2024-03-15 12:02:37 Checking for update using Github
2024-03-15 12:02:37 Success.
2024-03-15 12:02:37 Latest version is 1.5.8
2024-03-15 12:02:37 App is up to date.
2024-03-15 13:02:37 Checking for update using Github
2024-03-15 13:02:37 Success.
2024-03-15 13:02:37 Latest version is 1.5.8
2024-03-15 13:02:37 App is up to date.
2024-03-15 14:02:37 Checking for update using Github
2024-03-15 14:02:37 Success.
2024-03-15 14:02:37 Latest version is 1.5.8
2024-03-15 14:02:37 App is up to date.
2024-03-16 07:41:54 Loading main app package /usr/lib/obsidian/obsidian.asar
2024-03-16 07:41:54 Checking for update using Github
2024-03-16 07:41:54 Success.
2024-03-16 07:41:54 Latest version is 1.5.8
2024-03-16 07:41:54 App is up to date.
2024-03-16 08:41:54 Checking for update using Github
2024-03-16 08:41:54 Success.
2024-03-16 08:41:54 Latest version is 1.5.8
2024-03-16 08:41:54 App is up to date.
2024-03-16 09:41:54 Checking for update using Github
2024-03-16 09:41:54 Success.
2024-03-16 09:41:54 Latest version is 1.5.8
2024-03-16 09:41:54 App is up to date.
2024-03-16 10:41:54 Checking for update using Github
2024-03-16 10:41:55 Success.
2024-03-16 10:41:55 Latest version is 1.5.8
2024-03-16 10:41:55 App is up to date.
2024-03-16 11:41:55 Checking for update using Github
2024-03-16 11:41:56 Success.
2024-03-16 11:41:56 Latest version is 1.5.8
2024-03-16 11:41:56 App is up to date.
2024-03-16 12:41:55 Checking for update using Github
2024-03-16 12:41:55 Success.
2024-03-16 12:41:55 Latest version is 1.5.8
2024-03-16 12:41:55 App is up to date.
2024-03-16 13:41:55 Checking for update using Github
2024-03-16 13:41:55 Success.
2024-03-16 13:41:55 Latest version is 1.5.8
2024-03-16 13:41:55 App is up to date.
2024-03-21 08:26:32 Loading main app package /usr/lib/obsidian/obsidian.asar
2024-03-21 08:26:33 Checking for update using Github
2024-03-21 08:26:34 Success.
2024-03-21 08:26:34 Latest version is 1.5.11
2024-03-21 08:26:34 Downloading update from https://github.com/obsidianmd/obsidian-releases/releases/download/v1.5.11/obsidian-1.5.11.asar.gz
2024-03-21 08:26:48 Verifying hash & signature. Size= 8781777
2024-03-21 08:26:48 Saving file
2024-03-21 08:26:49 Update complete.
2024-03-21 09:28:46 Checking for update using Github
2024-03-21 09:28:47 Success.
2024-03-21 09:28:47 Latest version is 1.5.11
2024-03-21 09:28:47 An update is already downloaded.
2024-03-21 13:38:02 Checking for update using Github
2024-03-21 13:38:02 Success.
2024-03-21 13:38:02 Latest version is 1.5.11
2024-03-21 13:38:02 An update is already downloaded.
2024-03-23 08:04:19 Loading updated app package /home/amro/.config/obsidian/obsidian-1.5.11.asar
2024-03-23 08:04:20 Checking for update using Github
2024-03-23 08:04:20 Success.
2024-03-23 08:04:20 Latest version is 1.5.11
2024-03-23 08:04:20 App is up to date.
2024-03-23 12:21:59 Loading updated app package /home/amro/.config/obsidian/obsidian-1.5.11.asar
2024-03-23 12:22:01 Checking for update using Github
2024-03-23 12:22:01 Success.
2024-03-23 12:22:01 Latest version is 1.5.11
2024-03-23 12:22:01 App is up to date.
2024-03-23 13:21:59 Checking for update using Github
2024-03-23 13:21:59 Success.
2024-03-23 13:21:59 Latest version is 1.5.11
2024-03-23 13:21:59 App is up to date.
2024-03-23 14:21:59 Checking for update using Github
2024-03-23 14:21:59 Success.
2024-03-23 14:21:59 Latest version is 1.5.11
2024-03-23 14:21:59 App is up to date.
2024-03-23 15:21:59 Checking for update using Github
2024-03-23 15:21:59 Success.
2024-03-23 15:21:59 Latest version is 1.5.11
2024-03-23 15:21:59 App is up to date.
2024-04-24 10:02:04 Loading main app package /usr/lib/obsidian/obsidian.asar
2024-04-24 10:02:07 Checking for update using Github
2024-04-24 10:02:07 Success.
2024-04-24 10:02:07 Latest version is 1.5.12
2024-04-24 10:02:07 App is up to date.
2024-04-30 09:08:12 Loading main app package /usr/lib/obsidian/obsidian.asar
2024-04-30 09:08:17 Checking for update using Github
2024-04-30 09:08:17 Success.
2024-04-30 09:08:17 Latest version is 1.5.12
2024-04-30 09:08:17 App is up to date.
2024-04-30 10:08:12 Checking for update using Github
2024-04-30 10:08:12 Success.
2024-04-30 10:08:12 Latest version is 1.5.12
2024-04-30 10:08:12 App is up to date.
