2024-05-05 16:09:57.388 [info] Log level: Info
2024-05-05 16:09:57.389 [info] Validating found git in: "git"
2024-05-05 16:09:57.389 [info] Using git "2.44.0" from "git"
2024-05-05 16:09:57.389 [info] > git rev-parse --show-toplevel [4ms]
2024-05-05 16:09:57.389 [info] fatal: not a git repository (or any parent up to mount point /)
Stopping at filesystem boundary (GIT_DISCOVERY_ACROSS_FILESYSTEM not set).
2024-05-05 16:09:57.389 [info] > git rev-parse --show-toplevel [4ms]
2024-05-05 16:09:57.389 [info] fatal: not a git repository (or any parent up to mount point /)
Stopping at filesystem boundary (GIT_DISCOVERY_ACROSS_FILESYSTEM not set).
2024-05-05 16:09:57.389 [info] > git rev-parse --show-toplevel [8ms]
2024-05-05 16:09:57.389 [info] fatal: not a git repository (or any parent up to mount point /)
Stopping at filesystem boundary (GIT_DISCOVERY_ACROSS_FILESYSTEM not set).
2024-05-05 16:09:57.398 [info] > git rev-parse --show-toplevel [3ms]
2024-05-05 16:09:57.398 [info] fatal: not a git repository (or any parent up to mount point /)
Stopping at filesystem boundary (GIT_DISCOVERY_ACROSS_FILESYSTEM not set).
2024-05-05 16:09:57.479 [info] > git rev-parse --show-toplevel [10ms]
2024-05-05 16:09:57.479 [info] fatal: not a git repository (or any parent up to mount point /)
Stopping at filesystem boundary (GIT_DISCOVERY_ACROSS_FILESYSTEM not set).
2024-05-05 16:10:11.986 [info] > git rev-parse --show-toplevel [2ms]
2024-05-05 16:10:11.986 [info] fatal: not a git repository (or any parent up to mount point /)
Stopping at filesystem boundary (GIT_DISCOVERY_ACROSS_FILESYSTEM not set).
