2024-08-09 23:37:28.125 [info] update#setState idle
2024-08-09 23:37:31.026 [error] Error: Error while decrypting the ciphertext provided to safeStorage.decryptString.
    at A.decrypt (/home/amro/Downloads/VSCode-linux-x64/resources/app/out/vs/code/electron-main/main.js:59:8198)
    at Object.call (/home/amro/Downloads/VSCode-linux-x64/resources/app/out/vs/code/electron-main/main.js:42:5019)
    at R.s (/home/amro/Downloads/VSCode-linux-x64/resources/app/out/vs/code/electron-main/main.js:40:5128)
    at R.q (/home/amro/Downloads/VSCode-linux-x64/resources/app/out/vs/code/electron-main/main.js:40:4644)
    at v.value (/home/amro/Downloads/VSCode-linux-x64/resources/app/out/vs/code/electron-main/main.js:40:4051)
    at f.y (/home/amro/Downloads/VSCode-linux-x64/resources/app/out/vs/code/electron-main/main.js:35:1902)
    at f.z (/home/amro/Downloads/VSCode-linux-x64/resources/app/out/vs/code/electron-main/main.js:35:1972)
    at f.fire (/home/amro/Downloads/VSCode-linux-x64/resources/app/out/vs/code/electron-main/main.js:35:2188)
    at v.value (/home/amro/Downloads/VSCode-linux-x64/resources/app/out/vs/code/electron-main/main.js:33:28530)
    at f.y (/home/amro/Downloads/VSCode-linux-x64/resources/app/out/vs/code/electron-main/main.js:35:1902)
    at f.fire (/home/amro/Downloads/VSCode-linux-x64/resources/app/out/vs/code/electron-main/main.js:35:2119)
    at v.value (/home/amro/Downloads/VSCode-linux-x64/resources/app/out/vs/code/electron-main/main.js:33:28733)
    at f.y (/home/amro/Downloads/VSCode-linux-x64/resources/app/out/vs/code/electron-main/main.js:35:1902)
    at f.fire (/home/amro/Downloads/VSCode-linux-x64/resources/app/out/vs/code/electron-main/main.js:35:2119)
    at de (/home/amro/Downloads/VSCode-linux-x64/resources/app/out/vs/code/electron-main/main.js:33:31158)
    at IpcMainImpl.c (/home/amro/Downloads/VSCode-linux-x64/resources/app/out/vs/code/electron-main/main.js:42:18908)
    at IpcMainImpl.emit (node:events:514:28)
    at WebContents.<anonymous> (node:electron/js2c/browser_init:2:79287)
    at WebContents.emit (node:events:514:28)
2024-08-09 23:37:58.127 [info] update#setState checking for updates
2024-08-09 23:37:58.138 [info] update#setState available for download
