2024-04-17 18:06:37.760 [info] Added views:workbench.panel.markers.view in workbench.panel.markers
2024-04-17 18:06:37.760 [info] Added views:workbench.panel.output in workbench.panel.output
2024-04-17 18:06:37.760 [info] Added views:terminal in terminal
2024-04-17 18:06:37.760 [info] Added views:outline in workbench.view.explorer
2024-04-17 18:06:37.760 [info] Added views:workbench.scm in workbench.view.scm
2024-04-17 18:06:37.760 [info] Added views:workbench.view.search in workbench.view.search
2024-04-17 18:06:37.760 [info] Added views:timeline in workbench.view.explorer
2024-04-17 18:06:37.760 [info] Added views:workbench.explorer.emptyView in workbench.view.explorer
2024-04-17 18:06:37.998 [info] Added views:workbench.debug.welcome in workbench.view.debug
2024-04-17 18:06:38.066 [info] Added views:~remote.forwardedPorts in ~remote.forwardedPortsContainer
2024-04-17 18:06:38.292 [info] Added views:workbench.panel.repl.view in workbench.panel.repl
2024-04-17 18:06:52.675 [info] Added views:workbench.panel.markers.view in workbench.panel.markers
2024-04-17 18:06:52.676 [info] Added views:workbench.panel.output in workbench.panel.output
2024-04-17 18:06:52.676 [info] Added views:terminal in terminal
2024-04-17 18:06:52.676 [info] Added views:outline in workbench.view.explorer
2024-04-17 18:06:52.676 [info] Added views:workbench.scm in workbench.view.scm
2024-04-17 18:06:52.676 [info] Added views:workbench.view.search in workbench.view.search
2024-04-17 18:06:52.676 [info] Added views:timeline in workbench.view.explorer
2024-04-17 18:06:52.676 [info] Added views:workbench.explorer.fileView in workbench.view.explorer
2024-04-17 18:06:52.911 [info] Added views:workbench.debug.variablesView,workbench.debug.watchExpressionsView,workbench.debug.callStackView,workbench.debug.breakPointsView in workbench.view.debug
2024-04-17 18:06:53.003 [info] Added views:~remote.forwardedPorts in ~remote.forwardedPortsContainer
2024-04-17 18:06:53.138 [info] Added views:workbench.panel.repl.view in workbench.panel.repl
2024-04-17 18:06:53.140 [info] Removed views:workbench.debug.breakPointsView,workbench.debug.callStackView,workbench.debug.watchExpressionsView,workbench.debug.variablesView from workbench.view.debug
2024-04-17 18:06:53.141 [info] Added views:workbench.debug.welcome in workbench.view.debug
2024-04-17 18:24:56.731 [info] Added views:workbench.views.extensions.installed,workbench.views.extensions.popular,extensions.recommendedList in workbench.view.extensions
2024-04-17 18:24:56.734 [info] Removed views:workbench.views.extensions.popular from workbench.view.extensions
2024-04-17 18:25:00.786 [info] Removed views:extensions.recommendedList,workbench.views.extensions.installed from workbench.view.extensions
2024-04-17 18:25:00.792 [info] Added views:workbench.views.extensions.marketplace in workbench.view.extensions
