2024-05-05 16:10:12.374 [INFO]: No proxy settings found
2024-05-05 16:10:12.414 [INFO]: Creating manager directory: /tmp/c6a9c4c6-eb26-47d2-b5c7-6d9dfaa6f4d5/codeium/manager
2024-05-05 16:10:12.416 [INFO]: f4ccf0178d5d55b7439fe04a696986fe0deea492 not found, downloading language server
2024-05-05 16:10:12.417 [INFO]: No proxy settings found
2024-05-05 16:10:41.136 [INFO]: Language server started
2024-05-05 16:10:41.276 [INFO]: [Language Server (stderr)]:
I0505 16:10:41.275504 288778 main.go:541] Release language-server-v1.8.28 (f4ccf0178d5d55b7439fe04a696986fe0deea492)
I0505 16:10:41.275579 288778 main.go:553] Starting language server manager with pid 288778
I0505 16:10:41.275650 288778 main.go:110] Manager acquired its lock file /tmp/c6a9c4c6-eb26-47d2-b5c7-6d9dfaa6f4d5/codeium/manager/locks/manager.lock
2024-05-05 16:10:41.277 [INFO]: [Language Server (stderr)]:
I0505 16:10:41.276409 288778 main.go:248] Waiting for random port file in /tmp/c6a9c4c6-eb26-47d2-b5c7-6d9dfaa6f4d5/codeium/manager/child_random_port_1714914641275764297_7526021747072344143 to be created
2024-05-05 16:10:41.430 [INFO]: [Language Server (stderr)]:
I0505 16:10:41.429712 288813 main.go:547] Starting language server process with pid 288813
I0505 16:10:41.429770 288813 server.go:157] Language server will attempt to listen on host 127.0.0.1
2024-05-05 16:10:41.431 [INFO]: [Language Server (stderr)]:
I0505 16:10:41.429894 288813 server.go:164] Language server listening on random port at 33073
I0505 16:10:41.429953 288813 proxy.go:113] proxyplease.proxy> No proxy provided. Attempting to infer from system.
I0505 16:10:41.429972 288813 proxy.go:113] proxyplease.proxy> No proxy could be determined. Assuming a direct connection.
I0505 16:10:41.429992 288813 client.go:589] [DEBUG] GET https://server.codeium.com/exa.api_server_pb.ApiServerService/GetCompletions
2024-05-05 16:10:41.950 [INFO]: [Language Server (stderr)]:
I0505 16:10:41.949707 288813 unleash.go:90] Initializing Unleash
2024-05-05 16:10:42.614 [INFO]: [Language Server (stderr)]:
I0505 16:10:42.613921 288813 unleash.go:110] Successfully initialized Unleash
2024-05-05 16:10:42.621 [INFO]: [Language Server (stderr)]:
E0505 16:10:42.621055 288813 client_manager.go:262] Metadata is nil when trying to refresh user JWT
2024-05-05 16:10:42.622 [INFO]: [Language Server (stderr)]:
I0505 16:10:42.621270 288813 server.go:356] Successfully created API server client
2024-05-05 16:10:42.652 [INFO]: [Language Server (stderr)]:
I0505 16:10:42.651797 288813 server.go:365] Successfully initialized tokenizer
I0505 16:10:42.651995 288813 search_provider.go:164] Using database at /home/amro/.codeium/database/9c0694567290725d9dcba14ade58e297/2/MODEL_EMBED_6591
2024-05-05 16:10:42.673 [INFO]: [Language Server (stderr)]:
I0505 16:10:42.672775 288813 search_provider.go:176] Successfully created embedding search database
2024-05-05 16:10:42.674 [INFO]: [Language Server (stderr)]:
I0505 16:10:42.672979 288813 search_provider.go:224] Successfully created embedding search provider
I0505 16:10:42.672987 288813 server.go:458] Successfully created exact search provider
2024-05-05 16:10:42.677 [INFO]: [Language Server (stderr)]:
I0505 16:10:42.676902 288813 server.go:486] Successfully created completion provider
2024-05-05 16:10:42.736 [INFO]: [Language Server (stderr)]:
I0505 16:10:42.736083 288813 server.go:576] Child process attempting to acquire lock file /tmp/c6a9c4c6-eb26-47d2-b5c7-6d9dfaa6f4d5/codeium/manager/locks/child_lock_1714914641275822894_3631406835571460827
I0505 16:10:42.736164 288813 server.go:586] Child process acquired lock file /tmp/c6a9c4c6-eb26-47d2-b5c7-6d9dfaa6f4d5/codeium/manager/locks/child_lock_1714914641275822894_3631406835571460827
2024-05-05 16:10:42.743 [INFO]: [Language Server (stderr)]:
I0505 16:10:42.742334 288813 server.go:184] LSP listening on random port at 34971
2024-05-05 16:10:42.743 [INFO]: [Language Server (stderr)]:
I0505 16:10:42.742779 288813 web_server.go:239] Chat Web Server listening at ws://127.0.0.1:43617
2024-05-05 16:10:42.783 [INFO]: [Language Server (stdout)]:
34971
2024-05-05 16:10:42.784 [INFO]: [Language Server (stderr)]:
I0505 16:10:42.783042 288778 main.go:284] Language server manager found random server port 33073
I0505 16:10:42.783066 288778 main.go:285] Language server manager found random lsp port 34971
I0505 16:10:42.783079 288778 main.go:292] Language server manager attempting to connect to language server at 127.0.0.1:33073
2024-05-05 16:10:42.803 [INFO]: [Language Server (stderr)]:
I0505 16:10:42.802817 288778 main.go:163] Fixing language server port at 33073
I0505 16:10:42.802845 288778 main.go:343] Language server manager successfully connected to new language server at 127.0.0.1:33073
2024-05-05 16:10:42.849 [INFO]: Found language server running on port 33073
2024-05-05 16:10:42.883 [INFO]: No proxy settings found
2024-05-05 16:10:44.508 [INFO]: [Language Server (stderr)]:
I0505 16:10:44.507748 288813 rpcs_miscellaneous.go:179] Downloading changelog from https://exafunction.github.io/public/changelog/1.8.md
2024-05-05 16:10:45.196 [INFO]: Successfully downloaded ripgrep binary with valid crc
2024-05-05 16:10:45.197 [INFO]: Downloaded binary: /home/amro/.codeium/bin/af6b6c543b224d348a8876f0c06245d9ea7929c5/ripgrep_linux_x64
2024-05-05 16:37:55.319 [ERROR]: undefined
2024-05-05 16:37:55.519 [ERROR]: undefined
2024-05-05 18:36:43.962 [INFO]: [Language Server (stderr)]:
E0505 18:36:43.961371 288813 unleash.go:60] Unleash error: Get "https://unleash.codeium.com/api/client/features": context deadline exceeded (Client.Timeout exceeded while awaiting headers)
2024-05-05 18:37:43.951 [INFO]: [Language Server (stderr)]:
E0505 18:37:43.950672 288813 unleash.go:60] Unleash error: Get "https://unleash.codeium.com/api/client/features": context deadline exceeded (Client.Timeout exceeded while awaiting headers)
2024-05-05 19:08:43.952 [INFO]: [Language Server (stderr)]:
E0505 19:08:43.951603 288813 unleash.go:60] Unleash error: Get "https://unleash.codeium.com/api/client/features": context deadline exceeded (Client.Timeout exceeded while awaiting headers)
2024-05-05 19:09:43.951 [INFO]: [Language Server (stderr)]:
E0505 19:09:43.951131 288813 unleash.go:60] Unleash error: Get "https://unleash.codeium.com/api/client/features": context deadline exceeded (Client.Timeout exceeded while awaiting headers)
2024-05-05 22:22:47.952 [INFO]: [Language Server (stderr)]:
E0505 22:22:47.951578 288813 unleash.go:60] Unleash error: Get "https://unleash.codeium.com/api/client/features": context deadline exceeded (Client.Timeout exceeded while awaiting headers)
2024-05-05 22:23:08.504 [INFO]: Disposing language server process
2024-05-05 22:23:08.504 [INFO]: Deleting manager directory: /tmp/c6a9c4c6-eb26-47d2-b5c7-6d9dfaa6f4d5/codeium/manager
2024-05-05 22:23:08.506 [INFO]: Successfully disposed language server
2024-05-05 22:23:08.737 [INFO]: [Language Server (stderr)]:
W0505 22:23:08.504974 288778 main.go:114] Language server manager got signal terminated, shutting down
