    OpenRGB v0.9
    Commit:  from 
    Launched: 20240523_154013
====================================================================================================

1002  |Info:    Saving detector settings
1003  |Info:    ------------------------------------------------------
1003  |Info:    |               Start device detection               |
1003  |Info:    ------------------------------------------------------
1003  |Info:    Initializing HID interfaces: Success
1007  |Info:    ------------------------------------------------------
1007  |Info:    |             Detecting I2C interfaces               |
1007  |Info:    ------------------------------------------------------
1009  |Info:    Registering I2C interface: /dev/i2c-3 Device 10DE:1F9D Subsystem: 1043:16CC
1009  |Info:    Registering I2C interface: /dev/i2c-1 Device 0000:0000 Subsystem: 0000:0000
1009  |Info:    Registering I2C interface: /dev/i2c-8 Device 1002:1636 Subsystem: 1043:16CC
1009  |Info:    Registering I2C interface: /dev/i2c-6 Device 1022:790B Subsystem: 1043:15F2
1009  |Info:    Registering I2C interface: /dev/i2c-4 Device 1022:790B Subsystem: 1043:15F2
1009  |Info:    Registering I2C interface: /dev/i2c-2 Device 10DE:1F9D Subsystem: 1043:16CC
1009  |Warning: [i2c_smbus_linux] Failed to read i2c device PCI device ID
1009  |Info:    Registering I2C interface: /dev/i2c-ASUE120A:00 Device 0000:0000 Subsystem: 0000:0000
1009  |Warning: [i2c_smbus_linux] Failed to read i2c device PCI device ID
1009  |Info:    Registering I2C interface: /dev/i2c-9 Device 0000:0000 Subsystem: 0000:0000
1009  |Info:    Registering I2C interface: /dev/i2c-7 Device 1002:1636 Subsystem: 1043:16CC
1009  |Info:    Registering I2C interface: /dev/i2c-5 Device 1022:790B Subsystem: 1043:15F2
1010  |Info:    ------------------------------------------------------
1010  |Info:    |               Detecting I2C devices                |
1010  |Info:    ------------------------------------------------------
2041  |Info:    ------------------------------------------------------
2041  |Info:    |               Detecting I2C PCI devices            |
2041  |Info:    ------------------------------------------------------
2043  |Info:    ------------------------------------------------------
2043  |Info:    |               Detecting HID devices                |
2043  |Info:    ------------------------------------------------------
2046  |Info:    [ASUS Aura Keyboard] Registering RGB controller
2049  |Info:    [ASUS Aura Keyboard] Registering RGB controller
2052  |Info:    [ASUS Aura Keyboard] Registering RGB controller
2055  |Info:    [ASUS Aura Keyboard] Registering RGB controller
2058  |Info:    [ASUS Aura Keyboard] Registering RGB controller
2061  |Info:    [ASUS Aura Keyboard] Registering RGB controller
2064  |Info:    [ASUS Aura Keyboard] Registering RGB controller
2064  |Info:    ------------------------------------------------------
2064  |Info:    |            Detecting libusb HID devices            |
2064  |Info:    ------------------------------------------------------
2078  |Info:    ------------------------------------------------------
2078  |Info:    |              Detecting other devices               |
2078  |Info:    ------------------------------------------------------
2083  |Info:    ------------------------------------------------------
2083  |Info:    |                Detection completed                 |
2083  |Info:    ------------------------------------------------------
2083  |Dialog:  <h2>WARNING:</h2><p>One or more I2C/SMBus interfaces failed to initialize.</p><p>RGB DRAM modules and some motherboards' onboard RGB lighting will not be available without I2C/SMBus.</p><p>On Linux, this is usually because the i2c-dev module is not loaded.  You must load the i2c-dev module along with the correct i2c driver for your motherboard.  This is usually i2c-piix4 for AMD systems and i2c-i801 for Intel systems.</p><p>See <a href='https://help.openrgb.org/'>help.openrgb.org</a> for additional troubleshooting steps if you keep seeing this message.<br></p>
