2024-08-10 22:11:47.925 [info] Reading sessions from keychain...
2024-08-10 22:11:47.925 [info] Getting sessions for all scopes...
2024-08-10 22:11:47.925 [info] Got 0 sessions for ...
2024-08-10 22:11:47.925 [info] Getting sessions for user:email...
2024-08-10 22:11:47.925 [info] Got 0 sessions for user:email...
2024-08-10 22:11:48.066 [info] Getting sessions for all scopes...
2024-08-10 22:11:48.066 [info] Got 0 sessions for ...
2024-08-10 22:11:48.832 [info] Getting sessions for all scopes...
2024-08-10 22:11:48.832 [info] Got 0 sessions for ...
2024-08-10 22:12:12.731 [info] Reading sessions from keychain...
2024-08-10 22:12:12.731 [info] Getting sessions for all scopes...
2024-08-10 22:12:12.731 [info] Got 0 sessions for ...
2024-08-10 22:12:12.731 [info] Getting sessions for user:email...
2024-08-10 22:12:12.731 [info] Got 0 sessions for user:email...
2024-08-10 22:12:12.749 [info] Getting sessions for all scopes...
2024-08-10 22:12:12.749 [info] Got 0 sessions for ...
2024-08-10 22:12:15.231 [info] Getting sessions for read:user,repo,user:email,workflow...
2024-08-10 22:12:15.231 [info] Got 0 sessions for read:user,repo,user:email,workflow...
2024-08-10 22:12:15.658 [info] Getting sessions for all scopes...
2024-08-10 22:12:15.658 [info] Got 0 sessions for ...
