2024-08-10 22:11:44.053 [info] Added views:workbench.panel.markers.view in workbench.panel.markers
2024-08-10 22:11:44.053 [info] Added views:workbench.panel.output in workbench.panel.output
2024-08-10 22:11:44.053 [info] Added views:terminal in terminal
2024-08-10 22:11:44.053 [info] Added views:outline in workbench.view.explorer
2024-08-10 22:11:44.053 [info] Added views:workbench.scm in workbench.view.scm
2024-08-10 22:11:44.053 [info] Added views:workbench.view.search in workbench.view.search
2024-08-10 22:11:44.053 [info] Added views:timeline in workbench.view.explorer
2024-08-10 22:11:44.053 [info] Added views:workbench.explorer.fileView in workbench.view.explorer
2024-08-10 22:11:44.580 [info] Added views:workbench.debug.welcome in workbench.view.debug
2024-08-10 22:11:44.849 [info] Added views:codeium.chatPanelView in workbench.view.extension.codeium
2024-08-10 22:11:45.256 [info] Added views:workbench.panel.repl.view in workbench.panel.repl
2024-08-10 22:11:46.354 [info] Added views:~remote.forwardedPorts in ~remote.forwardedPortsContainer
2024-08-10 22:11:48.853 [info] Added views:workbench.panel.comments in workbench.panel.comments
2024-08-10 22:11:53.931 [info] Added views:workbench.panel.markers.view in workbench.panel.markers
2024-08-10 22:11:53.931 [info] Added views:workbench.panel.output in workbench.panel.output
2024-08-10 22:11:53.931 [info] Added views:terminal in terminal
2024-08-10 22:11:53.931 [info] Added views:outline in workbench.view.explorer
2024-08-10 22:11:53.931 [info] Added views:workbench.scm in workbench.view.scm
2024-08-10 22:11:53.931 [info] Added views:workbench.view.search in workbench.view.search
2024-08-10 22:11:53.931 [info] Added views:timeline in workbench.view.explorer
2024-08-10 22:11:53.931 [info] Added views:workbench.explorer.emptyView in workbench.view.explorer
2024-08-10 22:11:54.188 [info] Added views:codeium.chatPanelView in workbench.view.extension.codeium
2024-08-10 22:11:54.419 [info] Added views:workbench.debug.variablesView,workbench.debug.watchExpressionsView,workbench.debug.callStackView,workbench.debug.breakPointsView in workbench.view.debug
2024-08-10 22:11:54.518 [info] Added views:~remote.forwardedPorts in ~remote.forwardedPortsContainer
2024-08-10 22:11:54.819 [info] Added views:workbench.panel.repl.view in workbench.panel.repl
2024-08-10 22:11:54.821 [info] Removed views:workbench.debug.breakPointsView,workbench.debug.callStackView,workbench.debug.watchExpressionsView,workbench.debug.variablesView from workbench.view.debug
2024-08-10 22:11:54.822 [info] Added views:workbench.debug.welcome in workbench.view.debug
2024-08-10 22:11:57.245 [info] Added views:workbench.panel.comments in workbench.panel.comments
2024-08-10 22:12:11.384 [info] Added views:workbench.panel.markers.view in workbench.panel.markers
2024-08-10 22:12:11.385 [info] Added views:workbench.panel.output in workbench.panel.output
2024-08-10 22:12:11.385 [info] Added views:terminal in terminal
2024-08-10 22:12:11.385 [info] Added views:outline in workbench.view.explorer
2024-08-10 22:12:11.385 [info] Added views:workbench.scm in workbench.view.scm
2024-08-10 22:12:11.385 [info] Added views:workbench.view.search in workbench.view.search
2024-08-10 22:12:11.385 [info] Added views:timeline in workbench.view.explorer
2024-08-10 22:12:11.385 [info] Added views:workbench.explorer.fileView in workbench.view.explorer
2024-08-10 22:12:11.943 [info] Added views:workbench.debug.variablesView,workbench.debug.watchExpressionsView,workbench.debug.callStackView,workbench.debug.breakPointsView in workbench.view.debug
2024-08-10 22:12:12.055 [info] Added views:~remote.forwardedPorts in ~remote.forwardedPortsContainer
2024-08-10 22:12:12.337 [info] Added views:workbench.panel.repl.view in workbench.panel.repl
2024-08-10 22:12:12.340 [info] Removed views:workbench.debug.breakPointsView,workbench.debug.callStackView,workbench.debug.watchExpressionsView,workbench.debug.variablesView from workbench.view.debug
2024-08-10 22:12:12.341 [info] Added views:workbench.debug.welcome in workbench.view.debug
2024-08-10 22:12:14.161 [info] Added views:codeium.chatPanelView in workbench.view.extension.codeium
2024-08-10 22:12:15.670 [info] Added views:workbench.panel.comments in workbench.panel.comments
