2024-08-10 22:11:45.033 [info] Extension host with pid 58029 started
2024-08-10 22:11:45.033 [info] Skipping acquiring lock for /home/amro/.config/Code/User/workspaceStorage/f56a3c2826a56ee3e82fc8e814177c3d.
2024-08-10 22:11:45.252 [info] ExtensionService#_doActivateExtension vscode.emmet, startup: false, activationEvent: 'onLanguage'
2024-08-10 22:11:45.266 [info] ExtensionService#_doActivateExtension vscode.extension-editing, startup: false, activationEvent: 'onLanguage:json'
2024-08-10 22:11:45.281 [info] ExtensionService#_doActivateExtension vscode.json-language-features, startup: false, activationEvent: 'onLanguage:json'
2024-08-10 22:11:45.323 [info] ExtensionService#_doActivateExtension vscode.npm, startup: false, activationEvent: 'onLanguage:json'
2024-08-10 22:11:46.038 [info] ExtensionService#_doActivateExtension vscode.git-base, startup: true, activationEvent: '*', root cause: vscode.git
2024-08-10 22:11:46.043 [info] ExtensionService#_doActivateExtension formulahendry.auto-rename-tag, startup: true, activationEvent: '*'
2024-08-10 22:11:46.212 [info] ExtensionService#_doActivateExtension vscode.git, startup: true, activationEvent: '*'
2024-08-10 22:11:46.264 [info] ExtensionService#_doActivateExtension vscode.github, startup: true, activationEvent: '*'
2024-08-10 22:11:46.608 [info] ExtensionService#_doActivateExtension vscode.microsoft-authentication, startup: false, activationEvent: 'onAuthenticationRequest:microsoft'
2024-08-10 22:11:46.707 [info] Eager extensions activated
2024-08-10 22:11:46.715 [info] ExtensionService#_doActivateExtension vscode.github-authentication, startup: false, activationEvent: 'onAuthenticationRequest:github'
2024-08-10 22:11:46.754 [info] ExtensionService#_doActivateExtension vscode.debug-auto-launch, startup: false, activationEvent: 'onStartupFinished'
2024-08-10 22:11:46.759 [info] ExtensionService#_doActivateExtension vscode.merge-conflict, startup: false, activationEvent: 'onStartupFinished'
2024-08-10 22:11:46.774 [info] ExtensionService#_doActivateExtension Codeium.codeium, startup: false, activationEvent: 'onStartupFinished'
2024-08-10 22:11:47.740 [info] ExtensionService#_doActivateExtension naumovs.color-highlight, startup: false, activationEvent: 'onStartupFinished'
2024-08-10 22:11:52.633 [warning] Illegal argument: TextEditor(vs.editor.ICodeEditor:1,$model1)
2024-08-10 22:11:52.633 [warning] Illegal argument: TextEditor(vs.editor.ICodeEditor:1,$model1)
2024-08-10 22:11:52.633 [warning] Illegal argument: TextEditor(vs.editor.ICodeEditor:1,$model1)
2024-08-10 22:11:52.634 [warning] Illegal argument: TextEditor(vs.editor.ICodeEditor:1,$model1)
2024-08-10 22:11:52.634 [warning] Illegal argument: TextEditor(vs.editor.ICodeEditor:1,$model1)
2024-08-10 22:11:52.635 [warning] Illegal argument: TextEditor(vs.editor.ICodeEditor:1,$model1)
2024-08-10 22:11:52.635 [warning] Illegal argument: TextEditor(vs.editor.ICodeEditor:1,$model1)
2024-08-10 22:11:52.635 [warning] Illegal argument: TextEditor(vs.editor.ICodeEditor:1,$model1)
2024-08-10 22:11:52.636 [warning] Illegal argument: TextEditor(vs.editor.ICodeEditor:1,$model1)
2024-08-10 22:11:52.636 [warning] Illegal argument: TextEditor(vs.editor.ICodeEditor:1,$model1)
2024-08-10 22:11:52.637 [warning] Illegal argument: TextEditor(vs.editor.ICodeEditor:1,$model1)
2024-08-10 22:11:52.637 [warning] Illegal argument: TextEditor(vs.editor.ICodeEditor:1,$model1)
2024-08-10 22:11:52.637 [warning] Illegal argument: TextEditor(vs.editor.ICodeEditor:1,$model1)
2024-08-10 22:11:52.637 [warning] Illegal argument: TextEditor(vs.editor.ICodeEditor:1,$model1)
2024-08-10 22:11:52.638 [warning] Illegal argument: TextEditor(vs.editor.ICodeEditor:1,$model1)
2024-08-10 22:11:52.638 [warning] Illegal argument: TextEditor(vs.editor.ICodeEditor:1,$model1)
2024-08-10 22:11:52.638 [warning] Illegal argument: TextEditor(vs.editor.ICodeEditor:1,$model1)
2024-08-10 22:11:52.639 [warning] Illegal argument: TextEditor(vs.editor.ICodeEditor:1,$model1)
2024-08-10 22:11:52.639 [warning] Illegal argument: TextEditor(vs.editor.ICodeEditor:1,$model1)
2024-08-10 22:11:52.639 [warning] Illegal argument: TextEditor(vs.editor.ICodeEditor:1,$model1)
2024-08-10 22:11:52.640 [warning] Illegal argument: TextEditor(vs.editor.ICodeEditor:1,$model1)
2024-08-10 22:11:52.640 [warning] Illegal argument: TextEditor(vs.editor.ICodeEditor:1,$model1)
2024-08-10 22:11:52.640 [warning] Illegal argument: TextEditor(vs.editor.ICodeEditor:1,$model1)
2024-08-10 22:11:52.641 [warning] Illegal argument: TextEditor(vs.editor.ICodeEditor:1,$model1)
2024-08-10 22:11:52.641 [warning] Illegal argument: TextEditor(vs.editor.ICodeEditor:1,$model1)
2024-08-10 22:11:52.641 [warning] Illegal argument: TextEditor(vs.editor.ICodeEditor:1,$model1)
2024-08-10 22:11:52.641 [warning] Illegal argument: TextEditor(vs.editor.ICodeEditor:1,$model1)
2024-08-10 22:11:52.642 [warning] Illegal argument: TextEditor(vs.editor.ICodeEditor:1,$model1)
2024-08-10 22:11:52.643 [warning] Illegal argument: TextEditor(vs.editor.ICodeEditor:1,$model1)
2024-08-10 22:11:52.643 [warning] Illegal argument: TextEditor(vs.editor.ICodeEditor:1,$model1)
2024-08-10 22:11:52.643 [warning] Illegal argument: TextEditor(vs.editor.ICodeEditor:1,$model1)
2024-08-10 22:11:52.644 [warning] Illegal argument: TextEditor(vs.editor.ICodeEditor:1,$model1)
2024-08-10 22:11:52.644 [warning] Illegal argument: TextEditor(vs.editor.ICodeEditor:1,$model1)
2024-08-10 22:11:52.644 [warning] Illegal argument: TextEditor(vs.editor.ICodeEditor:1,$model1)
2024-08-10 22:11:52.645 [warning] Illegal argument: TextEditor(vs.editor.ICodeEditor:1,$model1)
2024-08-10 22:11:52.645 [warning] Illegal argument: TextEditor(vs.editor.ICodeEditor:1,$model1)
2024-08-10 22:11:52.645 [warning] Illegal argument: TextEditor(vs.editor.ICodeEditor:1,$model1)
2024-08-10 22:11:52.646 [warning] Illegal argument: TextEditor(vs.editor.ICodeEditor:1,$model1)
2024-08-10 22:11:52.646 [warning] Illegal argument: TextEditor(vs.editor.ICodeEditor:1,$model1)
2024-08-10 22:11:52.646 [warning] Illegal argument: TextEditor(vs.editor.ICodeEditor:1,$model1)
2024-08-10 22:11:52.646 [warning] Illegal argument: TextEditor(vs.editor.ICodeEditor:1,$model1)
2024-08-10 22:11:52.647 [warning] Illegal argument: TextEditor(vs.editor.ICodeEditor:1,$model1)
2024-08-10 22:11:52.647 [warning] Illegal argument: TextEditor(vs.editor.ICodeEditor:1,$model1)
2024-08-10 22:11:52.647 [warning] Illegal argument: TextEditor(vs.editor.ICodeEditor:1,$model1)
2024-08-10 22:11:52.648 [warning] Illegal argument: TextEditor(vs.editor.ICodeEditor:1,$model1)
2024-08-10 22:11:52.648 [warning] Illegal argument: TextEditor(vs.editor.ICodeEditor:1,$model1)
2024-08-10 22:11:52.649 [warning] Illegal argument: TextEditor(vs.editor.ICodeEditor:1,$model1)
2024-08-10 22:11:52.649 [warning] Illegal argument: TextEditor(vs.editor.ICodeEditor:1,$model1)
2024-08-10 22:11:52.649 [warning] Illegal argument: TextEditor(vs.editor.ICodeEditor:1,$model1)
2024-08-10 22:11:52.650 [warning] Illegal argument: TextEditor(vs.editor.ICodeEditor:1,$model1)
2024-08-10 22:11:52.650 [warning] Illegal argument: TextEditor(vs.editor.ICodeEditor:1,$model1)
2024-08-10 22:11:52.650 [warning] Illegal argument: TextEditor(vs.editor.ICodeEditor:1,$model1)
2024-08-10 22:11:52.651 [warning] Illegal argument: TextEditor(vs.editor.ICodeEditor:1,$model1)
2024-08-10 22:11:52.651 [warning] Illegal argument: TextEditor(vs.editor.ICodeEditor:1,$model1)
2024-08-10 22:11:52.651 [warning] Illegal argument: TextEditor(vs.editor.ICodeEditor:1,$model1)
2024-08-10 22:11:52.652 [warning] Illegal argument: TextEditor(vs.editor.ICodeEditor:1,$model1)
2024-08-10 22:11:52.652 [warning] Illegal argument: TextEditor(vs.editor.ICodeEditor:1,$model1)
2024-08-10 22:11:52.780 [info] ExtensionService#_doActivateExtension vscode.html-language-features, startup: false, activationEvent: 'onLanguage:html'
2024-08-10 22:11:52.888 [info] Extension host terminating: renderer closed the MessagePort
2024-08-10 22:11:52.938 [info] Extension host with pid 58029 exiting with code 0
2024-08-10 22:11:54.801 [info] Extension host with pid 58189 started
2024-08-10 22:11:54.826 [info] ExtensionService#_doActivateExtension vscode.git-base, startup: true, activationEvent: '*', root cause: vscode.git
2024-08-10 22:11:54.832 [info] ExtensionService#_doActivateExtension formulahendry.auto-rename-tag, startup: true, activationEvent: '*'
2024-08-10 22:11:54.882 [info] ExtensionService#_doActivateExtension vscode.git, startup: true, activationEvent: '*'
2024-08-10 22:11:54.930 [info] ExtensionService#_doActivateExtension vscode.github, startup: true, activationEvent: '*'
2024-08-10 22:11:55.295 [info] Eager extensions activated
2024-08-10 22:11:55.299 [info] ExtensionService#_doActivateExtension vscode.debug-auto-launch, startup: false, activationEvent: 'onStartupFinished'
2024-08-10 22:11:55.304 [info] ExtensionService#_doActivateExtension vscode.merge-conflict, startup: false, activationEvent: 'onStartupFinished'
2024-08-10 22:11:55.319 [info] ExtensionService#_doActivateExtension Codeium.codeium, startup: false, activationEvent: 'onStartupFinished'
2024-08-10 22:11:56.203 [info] ExtensionService#_doActivateExtension naumovs.color-highlight, startup: false, activationEvent: 'onStartupFinished'
2024-08-10 22:12:10.502 [info] Extension host terminating: renderer closed the MessagePort
2024-08-10 22:12:10.528 [info] Extension host with pid 58189 exiting with code 0
2024-08-10 22:12:12.317 [info] Extension host with pid 59469 started
2024-08-10 22:12:12.317 [info] Skipping acquiring lock for /home/amro/.config/Code/User/workspaceStorage/6c9d8b608d31b5b5ced7fb93068c77ae.
2024-08-10 22:12:12.333 [info] ExtensionService#_doActivateExtension vscode.microsoft-authentication, startup: false, activationEvent: 'onAuthenticationRequest:microsoft'
2024-08-10 22:12:12.544 [info] ExtensionService#_doActivateExtension vscode.git-base, startup: true, activationEvent: '*'
2024-08-10 22:12:12.548 [info] ExtensionService#_doActivateExtension formulahendry.auto-rename-tag, startup: true, activationEvent: '*'
2024-08-10 22:12:12.576 [info] ExtensionService#_doActivateExtension vscode.npm, startup: true, activationEvent: 'workspaceContains:package.json'
2024-08-10 22:12:12.618 [info] ExtensionService#_doActivateExtension vscode.github-authentication, startup: false, activationEvent: 'onAuthenticationRequest:github'
2024-08-10 22:12:12.649 [info] ExtensionService#_doActivateExtension vscode.github, startup: true, activationEvent: '*'
2024-08-10 22:12:13.111 [info] Eager extensions activated
2024-08-10 22:12:13.113 [info] ExtensionService#_doActivateExtension vscode.debug-auto-launch, startup: false, activationEvent: 'onStartupFinished'
2024-08-10 22:12:13.117 [info] ExtensionService#_doActivateExtension vscode.merge-conflict, startup: false, activationEvent: 'onStartupFinished'
2024-08-10 22:12:13.129 [info] ExtensionService#_doActivateExtension naumovs.color-highlight, startup: false, activationEvent: 'onStartupFinished'
2024-08-10 22:12:14.257 [info] ExtensionService#_doActivateExtension vscode.git, startup: false, activationEvent: 'api', root cause: vscode.github
2024-08-10 22:12:14.420 [info] ExtensionService#_doActivateExtension Codeium.codeium, startup: false, activationEvent: 'onStartupFinished'
2024-08-10 22:12:38.121 [info] ExtensionService#_doActivateExtension vscode.json-language-features, startup: false, activationEvent: 'onLanguage:jsonc'
2024-08-10 22:12:38.156 [info] ExtensionService#_doActivateExtension vscode.typescript-language-features, startup: false, activationEvent: 'onLanguage:jsonc'
2024-08-10 22:12:38.254 [info] ExtensionService#_doActivateExtension vscode.emmet, startup: false, activationEvent: 'onLanguage'
2024-08-10 22:12:39.806 [warning] [Decorations] CAPPING events from decorations provider vscode.git 268
2024-08-10 22:12:45.064 [warning] [Decorations] CAPPING events from decorations provider vscode.git 370
2024-08-10 22:12:45.952 [info] ExtensionService#_doActivateExtension vscode.markdown-language-features, startup: false, activationEvent: 'onCommand:markdown.showPreview'
2024-08-10 22:12:46.876 [info] ExtensionService#_doActivateExtension vscode.extension-editing, startup: false, activationEvent: 'onLanguage:markdown'
2024-08-10 22:12:46.887 [info] ExtensionService#_doActivateExtension vscode.markdown-math, startup: false, activationEvent: 'api', root cause: vscode.markdown-language-features
2024-08-10 22:12:47.966 [info] ExtensionService#_doActivateExtension vscode.media-preview, startup: false, activationEvent: 'onCustomEditor:imagePreview.previewEditor'
2024-08-10 22:25:30.249 [info] Extension host terminating: renderer closed the MessagePort
2024-08-10 22:25:30.342 [error] Canceled: Canceled
    at new $ (/home/amro/Downloads/VSCode-linux-x64/resources/app/out/vs/workbench/api/node/extensionHostProcess.js:140:45885)
    at s.U (/home/amro/Downloads/VSCode-linux-x64/resources/app/out/vs/workbench/api/node/extensionHostProcess.js:147:5556)
    at Proxy.z.<computed>.T.charCodeAt.z.<computed> (/home/amro/Downloads/VSCode-linux-x64/resources/app/out/vs/workbench/api/node/extensionHostProcess.js:147:3007)
    at l.g (/home/amro/Downloads/VSCode-linux-x64/resources/app/out/vs/workbench/api/node/extensionHostProcess.js:150:184300)
    at l.executeCommand (/home/amro/Downloads/VSCode-linux-x64/resources/app/out/vs/workbench/api/node/extensionHostProcess.js:150:183738)
    at f.registerCommand.description (/home/amro/Downloads/VSCode-linux-x64/resources/app/out/vs/workbench/api/node/extensionHostProcess.js:150:183062)
    at l.h (/home/amro/Downloads/VSCode-linux-x64/resources/app/out/vs/workbench/api/node/extensionHostProcess.js:150:184839)
    at l.g (/home/amro/Downloads/VSCode-linux-x64/resources/app/out/vs/workbench/api/node/extensionHostProcess.js:150:183831)
    at l.executeCommand (/home/amro/Downloads/VSCode-linux-x64/resources/app/out/vs/workbench/api/node/extensionHostProcess.js:150:183738)
    at Object.executeCommand (/home/amro/Downloads/VSCode-linux-x64/resources/app/out/vs/workbench/api/node/extensionHostProcess.js:160:21654)
    at w.O [as value] (/home/amro/Downloads/VSCode-linux-x64/resources/app/extensions/git/dist/main.js:2:943479)
    at n.y (/home/amro/Downloads/VSCode-linux-x64/resources/app/out/vs/workbench/api/node/extensionHostProcess.js:80:1902)
    at n.z (/home/amro/Downloads/VSCode-linux-x64/resources/app/out/vs/workbench/api/node/extensionHostProcess.js:80:1972)
    at n.fire (/home/amro/Downloads/VSCode-linux-x64/resources/app/out/vs/workbench/api/node/extensionHostProcess.js:80:2188)
    at Object.m [as dispose] (/home/amro/Downloads/VSCode-linux-x64/resources/app/extensions/git/dist/main.js:2:962791)
    at /home/amro/Downloads/VSCode-linux-x64/resources/app/extensions/git/dist/main.js:2:968825
    at Array.forEach (<anonymous>)
    at f.dispose (/home/amro/Downloads/VSCode-linux-x64/resources/app/extensions/git/dist/main.js:2:968811)
    at u.<anonymous> (/home/amro/Downloads/VSCode-linux-x64/resources/app/out/vs/workbench/api/node/extensionHostProcess.js:148:3704)
    at u.dispose (/home/amro/Downloads/VSCode-linux-x64/resources/app/out/vs/workbench/api/node/extensionHostProcess.js:148:3801)
    at u.<anonymous> (/home/amro/Downloads/VSCode-linux-x64/resources/app/extensions/git/dist/main.js:2:945736)
    at u.dispose (/home/amro/Downloads/VSCode-linux-x64/resources/app/out/vs/workbench/api/node/extensionHostProcess.js:148:3801)
    at o (/home/amro/Downloads/VSCode-linux-x64/resources/app/out/vs/workbench/api/node/extensionHostProcess.js:30:754)
    at w.cb (/home/amro/Downloads/VSCode-linux-x64/resources/app/out/vs/workbench/api/node/extensionHostProcess.js:156:9882)
    at /home/amro/Downloads/VSCode-linux-x64/resources/app/out/vs/workbench/api/node/extensionHostProcess.js:156:7816
    at Array.map (<anonymous>)
    at w.Y (/home/amro/Downloads/VSCode-linux-x64/resources/app/out/vs/workbench/api/node/extensionHostProcess.js:156:7803)
    at w.terminate (/home/amro/Downloads/VSCode-linux-x64/resources/app/out/vs/workbench/api/node/extensionHostProcess.js:156:8076)
    at o.terminate (/home/amro/Downloads/VSCode-linux-x64/resources/app/out/vs/workbench/api/node/extensionHostProcess.js:160:1513)
    at t (/home/amro/Downloads/VSCode-linux-x64/resources/app/out/vs/workbench/api/node/extensionHostProcess.js:173:9949)
    at MessagePortMain.<anonymous> (/home/amro/Downloads/VSCode-linux-x64/resources/app/out/vs/workbench/api/node/extensionHostProcess.js:173:6374)
    at MessagePortMain.emit (node:events:514:28)
    at MessagePortMain.emit (node:domain:489:12)
    at Object.emit (node:electron/js2c/utility_init:2:2285) setContext undefined
2024-08-10 22:25:30.350 [error] Canceled: Canceled
    at new $ (/home/amro/Downloads/VSCode-linux-x64/resources/app/out/vs/workbench/api/node/extensionHostProcess.js:140:45885)
    at s.U (/home/amro/Downloads/VSCode-linux-x64/resources/app/out/vs/workbench/api/node/extensionHostProcess.js:147:5556)
    at Proxy.z.<computed>.T.charCodeAt.z.<computed> (/home/amro/Downloads/VSCode-linux-x64/resources/app/out/vs/workbench/api/node/extensionHostProcess.js:147:3007)
    at l.g (/home/amro/Downloads/VSCode-linux-x64/resources/app/out/vs/workbench/api/node/extensionHostProcess.js:150:184300)
    at l.executeCommand (/home/amro/Downloads/VSCode-linux-x64/resources/app/out/vs/workbench/api/node/extensionHostProcess.js:150:183738)
    at f.registerCommand.description (/home/amro/Downloads/VSCode-linux-x64/resources/app/out/vs/workbench/api/node/extensionHostProcess.js:150:183062)
    at l.h (/home/amro/Downloads/VSCode-linux-x64/resources/app/out/vs/workbench/api/node/extensionHostProcess.js:150:184839)
    at l.g (/home/amro/Downloads/VSCode-linux-x64/resources/app/out/vs/workbench/api/node/extensionHostProcess.js:150:183831)
    at l.executeCommand (/home/amro/Downloads/VSCode-linux-x64/resources/app/out/vs/workbench/api/node/extensionHostProcess.js:150:183738)
    at Object.executeCommand (/home/amro/Downloads/VSCode-linux-x64/resources/app/out/vs/workbench/api/node/extensionHostProcess.js:160:21654)
    at a.VscodeDevShareProvider.set hasGitHubRepositories [as hasGitHubRepositories] (/home/amro/Downloads/VSCode-linux-x64/resources/app/extensions/github/dist/extension.js:2:325214)
    at /home/amro/Downloads/VSCode-linux-x64/resources/app/extensions/github/dist/extension.js:2:326173
    at w.value (/home/amro/Downloads/VSCode-linux-x64/resources/app/extensions/git/dist/main.js:2:1050811)
    at n.y (/home/amro/Downloads/VSCode-linux-x64/resources/app/out/vs/workbench/api/node/extensionHostProcess.js:80:1902)
    at n.z (/home/amro/Downloads/VSCode-linux-x64/resources/app/out/vs/workbench/api/node/extensionHostProcess.js:80:1972)
    at n.fire (/home/amro/Downloads/VSCode-linux-x64/resources/app/out/vs/workbench/api/node/extensionHostProcess.js:80:2188)
    at Object.m [as dispose] (/home/amro/Downloads/VSCode-linux-x64/resources/app/extensions/git/dist/main.js:2:962791)
    at /home/amro/Downloads/VSCode-linux-x64/resources/app/extensions/git/dist/main.js:2:968825
    at Array.forEach (<anonymous>)
    at f.dispose (/home/amro/Downloads/VSCode-linux-x64/resources/app/extensions/git/dist/main.js:2:968811)
    at u.<anonymous> (/home/amro/Downloads/VSCode-linux-x64/resources/app/out/vs/workbench/api/node/extensionHostProcess.js:148:3704)
    at u.dispose (/home/amro/Downloads/VSCode-linux-x64/resources/app/out/vs/workbench/api/node/extensionHostProcess.js:148:3801)
    at u.<anonymous> (/home/amro/Downloads/VSCode-linux-x64/resources/app/extensions/git/dist/main.js:2:945736)
    at u.dispose (/home/amro/Downloads/VSCode-linux-x64/resources/app/out/vs/workbench/api/node/extensionHostProcess.js:148:3801)
    at o (/home/amro/Downloads/VSCode-linux-x64/resources/app/out/vs/workbench/api/node/extensionHostProcess.js:30:754)
    at w.cb (/home/amro/Downloads/VSCode-linux-x64/resources/app/out/vs/workbench/api/node/extensionHostProcess.js:156:9882)
    at /home/amro/Downloads/VSCode-linux-x64/resources/app/out/vs/workbench/api/node/extensionHostProcess.js:156:7816
    at Array.map (<anonymous>)
    at w.Y (/home/amro/Downloads/VSCode-linux-x64/resources/app/out/vs/workbench/api/node/extensionHostProcess.js:156:7803)
    at w.terminate (/home/amro/Downloads/VSCode-linux-x64/resources/app/out/vs/workbench/api/node/extensionHostProcess.js:156:8076)
    at o.terminate (/home/amro/Downloads/VSCode-linux-x64/resources/app/out/vs/workbench/api/node/extensionHostProcess.js:160:1513)
    at t (/home/amro/Downloads/VSCode-linux-x64/resources/app/out/vs/workbench/api/node/extensionHostProcess.js:173:9949)
    at MessagePortMain.<anonymous> (/home/amro/Downloads/VSCode-linux-x64/resources/app/out/vs/workbench/api/node/extensionHostProcess.js:173:6374)
    at MessagePortMain.emit (node:events:514:28)
    at MessagePortMain.emit (node:domain:489:12)
    at Object.emit (node:electron/js2c/utility_init:2:2285) setContext undefined
2024-08-10 22:25:30.368 [info] Extension host with pid 59469 exiting with code 0
