2024-08-09 23:37:31.164 [info] Log level: Info
2024-08-09 23:37:31.164 [info] Validating found git in: "git"
2024-08-09 23:37:31.164 [info] Using git "2.46.0" from "git"
2024-08-09 23:37:31.164 [info] > git rev-parse --show-toplevel [10ms]
2024-08-09 23:37:31.164 [info] fatal: not a git repository (or any parent up to mount point /)
Stopping at filesystem boundary (GIT_DISCOVERY_ACROSS_FILESYSTEM not set).
2024-08-09 23:37:31.164 [info] > git rev-parse --show-toplevel [8ms]
2024-08-09 23:37:31.164 [info] fatal: not a git repository (or any parent up to mount point /)
Stopping at filesystem boundary (GIT_DISCOVERY_ACROSS_FILESYSTEM not set).
2024-08-09 23:37:31.164 [info] > git rev-parse --show-toplevel [5ms]
2024-08-09 23:37:31.164 [info] fatal: not a git repository (or any parent up to mount point /)
Stopping at filesystem boundary (GIT_DISCOVERY_ACROSS_FILESYSTEM not set).
2024-08-09 23:37:31.714 [info] > git rev-parse --show-toplevel [7ms]
2024-08-09 23:37:31.714 [info] fatal: not a git repository (or any parent up to mount point /)
Stopping at filesystem boundary (GIT_DISCOVERY_ACROSS_FILESYSTEM not set).
2024-08-09 23:37:43.811 [info] > git rev-parse --show-toplevel [32ms]
2024-08-09 23:37:43.811 [info] fatal: not a git repository (or any parent up to mount point /)
Stopping at filesystem boundary (GIT_DISCOVERY_ACROSS_FILESYSTEM not set).
2024-08-09 23:38:01.413 [info] > git rev-parse --show-toplevel [4ms]
2024-08-09 23:38:01.413 [info] fatal: not a git repository (or any parent up to mount point /)
Stopping at filesystem boundary (GIT_DISCOVERY_ACROSS_FILESYSTEM not set).
2024-08-09 23:38:09.926 [info] > git rev-parse --show-toplevel [4ms]
2024-08-09 23:38:09.927 [info] fatal: not a git repository (or any parent up to mount point /)
Stopping at filesystem boundary (GIT_DISCOVERY_ACROSS_FILESYSTEM not set).
2024-08-09 23:40:26.167 [info] > git rev-parse --show-toplevel [3ms]
2024-08-09 23:40:26.167 [info] fatal: not a git repository (or any parent up to mount point /)
Stopping at filesystem boundary (GIT_DISCOVERY_ACROSS_FILESYSTEM not set).
2024-08-09 23:40:33.017 [info] > git rev-parse --show-toplevel [7ms]
2024-08-09 23:40:33.017 [info] fatal: not a git repository (or any parent up to mount point /)
Stopping at filesystem boundary (GIT_DISCOVERY_ACROSS_FILESYSTEM not set).
2024-08-09 23:43:10.164 [info] > git rev-parse --show-toplevel [6ms]
2024-08-09 23:43:10.164 [info] fatal: not a git repository (or any parent up to mount point /)
Stopping at filesystem boundary (GIT_DISCOVERY_ACROSS_FILESYSTEM not set).
